\BOOKMARK [0][-]{chapter*.3}{\376\377\000E\000l\001\121\000s\000z\000\363}{}% 1
\BOOKMARK [0][-]{chapter*.5}{\376\377\000J\000e\000l\000\366\000l\000\351\000s\000e\000k\000\040\000j\000e\000g\000y\000z\000\351\000k\000e}{}% 2
\BOOKMARK [0][-]{chapter.1}{\376\377\000I\000r\000o\000d\000a\000l\000m\000i\000\040\000\341\000t\000t\000e\000k\000i\000n\000t\000\351\000s}{}% 3
\BOOKMARK [1][-]{section.1.1}{\376\377\000K\000\351\000p\000l\000\351\000k\000e\000n\000y\000\040\000a\000l\000a\000k\000\355\000t\000\341\000s\000\040\000e\000l\000m\000\351\000l\000e\000t\000i\000\040\000a\000l\000a\000p\000j\000a\000i}{chapter.1}% 4
\BOOKMARK [2][-]{subsection.1.1.1}{\376\377\000R\000u\000g\000a\000l\000m\000a\000s\000\040\000\351\000s\000\040\000k\000\351\000p\000l\000\351\000k\000e\000n\000y\000\040\000a\000l\000a\000k\000v\000\341\000l\000t\000o\000z\000\341\000s}{section.1.1}% 5
\BOOKMARK [2][-]{subsection.1.1.2}{\376\377\000F\000e\000s\000z\000\374\000l\000t\000s\000\351\000g\000-\000a\000l\000a\000k\000v\000\341\000l\000t\000o\000z\000\341\000s\000\040\000k\000a\000p\000c\000s\000o\000l\000a\000t\000a\000,\000\040\000s\000z\000a\000k\000\355\000t\000\363\000d\000i\000a\000g\000r\000a\000m}{section.1.1}% 6
\BOOKMARK [1][-]{section.1.2}{\376\377\000M\000i\000k\000r\000o\000s\000z\000e\000r\000k\000e\000z\000e\000t\000t\001\121\000l\000\040\000a\000\040\000t\000e\000r\000v\000e\000z\000\351\000s\000i\000g}{chapter.1}% 7
\BOOKMARK [1][-]{section.1.3}{\376\377\000L\000e\000m\000e\000z\000e\000k\000\040\000k\000\351\000p\000l\000\351\000k\000e\000n\000y\000\040\000a\000n\000i\000z\000o\000t\000r\000\363\000p\000i\000\341\000j\000a}{chapter.1}% 8
\BOOKMARK [2][-]{subsection.1.3.1}{\376\377\000A\000z\000\040\000a\000n\000i\000z\000o\000t\000r\000\363\000p\000i\000a}{section.1.3}% 9
\BOOKMARK [2][-]{subsection.1.3.2}{\376\377\000L\000a\000n\000k\000f\000o\000r\000d\000-\000t\000\351\000n\000y\000e\000z\001\121}{section.1.3}% 10
\BOOKMARK [2][-]{subsection.1.3.3}{\376\377\000C\000s\000\372\000c\000s\000o\000s\000o\000d\000\341\000s\000,\000\040\000a\000z\000\040\000a\000n\000i\000z\000o\000t\000r\000\363\000p\000i\000a\000\040\000k\000\366\000z\000v\000e\000t\000l\000e\000n\000\040\000h\000a\000t\000\341\000s\000a}{section.1.3}% 11
\BOOKMARK [2][-]{subsection.1.3.4}{\376\377\000I\000d\000e\000\341\000l\000i\000s\000\040\000m\000\351\000l\000y\000h\000\372\000z\000h\000a\000t\000\363\000\040\000l\000e\000m\000e\000z}{section.1.3}% 12
\BOOKMARK [1][-]{section.1.4}{\376\377\000A\000\040\000m\000\351\000l\000y\000h\000\372\000z\000\341\000s\000\040\000t\000e\000c\000h\000n\000o\000l\000\363\000g\000i\000\341\000j\000a}{chapter.1}% 13
\BOOKMARK [2][-]{subsection.1.4.1}{\376\377\000A\000\040\000m\000\351\000l\000y\000h\000\372\000z\000\341\000s\000\040\000a\000l\000a\000p\000e\000l\000v\000e\000i\000,\000\040\000f\000\341\000z\000i\000s\000a\000i}{section.1.4}% 14
\BOOKMARK [2][-]{subsection.1.4.2}{\376\377\000M\000e\000g\000h\000a\000t\000\341\000r\000o\000z\000\363\000\040\000t\000e\000c\000h\000n\000o\000l\000\363\000g\000i\000a\000i\000\040\000p\000a\000r\000a\000m\000\351\000t\000e\000r\000e\000k}{section.1.4}% 15
\BOOKMARK [2][-]{subsection.1.4.3}{\376\377\000A\000\040\000m\000\351\000l\000y\000h\000\372\000z\000\341\000s\000\040\000t\000i\000p\000i\000k\000u\000s\000\040\000h\000i\000b\000\341\000i\000\040\000\351\000s\000\040\000a\000z\000o\000k\000\040\000o\000k\000a\000i}{section.1.4}% 16
\BOOKMARK [2][-]{subsection.1.4.4}{\376\377\000A\000\040\000m\000\351\000l\000y\000h\000\372\000z\000\341\000s\000,\000\040\000m\000i\000n\000t\000\040\000e\000g\000y\000e\000n\000s\000\372\000l\000y\000i\000\040\000f\000o\000l\000y\000a\000m\000a\000t}{section.1.4}% 17
\BOOKMARK [1][-]{section.1.5}{\376\377\000M\000\351\000l\000y\000h\000\372\000z\000\363\000\040\000s\000z\000e\000r\000s\000z\000\341\000m\000o\000k\000\040\000t\000e\000r\000v\000e\000z\000\351\000s\000e}{chapter.1}% 18
\BOOKMARK [2][-]{subsection.1.5.1}{\376\377\000A\000\040\000s\000z\000e\000r\000s\000z\000\341\000m\000\040\000f\000e\000l\000\351\000p\000\355\000t\000\351\000s\000e}{section.1.5}% 19
\BOOKMARK [2][-]{subsection.1.5.2}{\376\377\000A\000\040\000s\000z\000e\000r\000s\000z\000\341\000m\000g\000e\000o\000m\000e\000t\000r\000i\000a\000\040\000s\000z\000e\000r\000e\000p\000e}{section.1.5}% 20
\BOOKMARK [2][-]{subsection.1.5.3}{\376\377\000T\000e\000c\000h\000n\000o\000l\000\363\000g\000i\000a\000i\000\040\000e\000r\001\121\000k\000\040\000s\000z\000\341\000m\000\355\000t\000\341\000s\000a}{section.1.5}% 21
\BOOKMARK [1][-]{section.1.6}{\376\377\000V\000\351\000g\000e\000s\000e\000l\000e\000m\000\040\000m\000\363\000d\000s\000z\000e\000r}{chapter.1}% 22
\BOOKMARK [2][-]{subsection.1.6.1}{\376\377\000V\000\351\000g\000e\000s\000e\000l\000e\000m\000\040\000m\000\363\000d\000s\000z\000e\000r\000\040\000a\000l\000a\000p\000e\000l\000v\000e\000i}{section.1.6}% 23
\BOOKMARK [2][-]{subsection.1.6.2}{\376\377\000M\000\351\000l\000y\000h\000\372\000z\000\341\000s\000i\000\040\000f\000o\000l\000y\000a\000m\000a\000t\000\040\000s\000z\000i\000m\000u\000l\000\341\000c\000i\000\363\000j\000a\000\040\000V\000E\000M\000-\000m\000e\000l}{section.1.6}% 24
\BOOKMARK [2][-]{subsection.1.6.3}{\376\377\000A\000n\000y\000a\000g\000m\000o\000d\000e\000l\000l\000e\000k}{section.1.6}% 25
\BOOKMARK [0][-]{chapter.2}{\376\377\000A\000n\000y\000a\000g\000o\000k\000\040\000\351\000s\000\040\000m\000\363\000d\000s\000z\000e\000r\000e\000k}{}% 26
\BOOKMARK [0][-]{chapter.3}{\376\377\000S\000z\000e\000r\000s\000z\000\341\000m\000k\000i\000a\000l\000a\000k\000\355\000t\000\341\000s}{}% 27
\BOOKMARK [0][-]{chapter.4}{\376\377\000M\000\351\000r\000\351\000s\000i\000\040\000e\000r\000e\000d\000m\000\351\000n\000y\000e\000k\000\040\000\351\000r\000t\000\351\000k\000e\000l\000\351\000s\000e}{}% 28
\BOOKMARK [0][-]{chapter.5}{\376\377\000\326\000s\000s\000z\000e\000f\000o\000g\000l\000a\000l\000\341\000s}{}% 29
